2018-02-04 10:43:42 PM, Info: Initializing SIMPLSharp Services...
2018-02-04 10:43:42 PM, Info: ProjectInfo successfully initialized.
2018-02-04 10:43:49 PM, Info: Saving project information...
2018-02-04 10:43:49 PM, Info: Saving project information...
2018-02-04 10:43:49 PM, Info: Saving project information...
2018-02-04 10:43:49 PM, Info: Saving project information...
2018-02-04 10:43:49 PM, Info: Saving project information...
2018-02-04 10:43:49 PM, Info: Saving project information...
2018-02-04 10:45:05 PM, Info: Saving project information...
2018-02-04 10:45:05 PM, Info: Saving project information...
2018-02-04 10:45:05 PM, Info: Saving project information...
2018-02-04 10:45:05 PM, Info: Saving project information...
2018-02-04 10:45:05 PM, Info: Saving project information...
2018-02-04 10:45:05 PM, Info: Saving project information...
2018-02-04 10:45:06 PM, Info: Validating assembly C:\Users\hadiz\Documents\Visual Studio 2008\Projects\Abscraft TheList\Abscraft TheList\bin\Debug\Abscraft TheList.dll...
2018-02-04 10:45:06 PM, Info: Verifying assembly C:\Users\hadiz\Documents\Visual Studio 2008\Projects\Abscraft TheList\Abscraft TheList\bin\Debug\Abscraft TheList.dll
2018-02-04 10:45:06 PM, Info: Creating Archive C:\Users\hadiz\Documents\Visual Studio 2008\Projects\Abscraft TheList\Abscraft TheList\bin\Debug\Abscraft TheList.clz...
2018-02-04 10:45:07 PM, Info: Saving project information...
2018-02-04 10:47:58 PM, Info: Saving project information...
2018-02-04 10:47:58 PM, Info: Saving project information...
2018-02-04 10:47:58 PM, Info: Saving project information...
2018-02-04 10:52:58 PM, Info: Saving project information...
2018-02-04 10:52:58 PM, Info: Saving project information...
2018-02-04 10:52:58 PM, Info: Saving project information...
2018-02-04 10:57:58 PM, Info: Saving project information...
2018-02-04 10:57:58 PM, Info: Saving project information...
2018-02-04 10:57:58 PM, Info: Saving project information...
2018-02-04 11:02:58 PM, Info: Saving project information...
2018-02-04 11:02:58 PM, Info: Saving project information...
2018-02-04 11:02:58 PM, Info: Saving project information...
2018-02-04 11:07:58 PM, Info: Saving project information...
2018-02-04 11:07:58 PM, Info: Saving project information...
2018-02-04 11:07:58 PM, Info: Saving project information...
2018-02-05 10:22:20 PM, Info: Saving project information...
2018-02-05 10:22:20 PM, Info: Saving project information...
2018-02-05 10:22:20 PM, Info: Saving project information...
2018-02-05 10:27:13 PM, Info: Saving project information...
2018-02-05 10:27:13 PM, Info: Saving project information...
2018-02-05 10:27:13 PM, Info: Saving project information...
2018-02-05 10:32:13 PM, Info: Saving project information...
2018-02-05 10:32:13 PM, Info: Saving project information...
2018-02-05 10:32:13 PM, Info: Saving project information...
2018-02-05 10:37:13 PM, Info: Saving project information...
2018-02-05 10:37:13 PM, Info: Saving project information...
2018-02-05 10:37:13 PM, Info: Saving project information...
2018-02-05 10:42:13 PM, Info: Saving project information...
2018-02-05 10:42:13 PM, Info: Saving project information...
2018-02-05 10:42:13 PM, Info: Saving project information...
2018-02-05 10:47:08 PM, Info: Saving project information...
2018-02-05 10:47:08 PM, Info: Saving project information...
2018-02-05 10:47:08 PM, Info: Saving project information...
2018-02-05 10:47:08 PM, Info: Saving project information...
2018-02-05 10:47:08 PM, Info: Saving project information...
2018-02-05 10:47:08 PM, Info: Saving project information...
2018-02-05 10:47:09 PM, Info: Validating assembly C:\Users\hadiz\Documents\Visual Studio 2008\Projects\Abscraft TheList\Abscraft TheList\bin\Debug\Abscraft TheList.dll...
2018-02-05 10:47:09 PM, Info: Verifying assembly C:\Users\hadiz\Documents\Visual Studio 2008\Projects\Abscraft TheList\Abscraft TheList\bin\Debug\Abscraft TheList.dll
2018-02-05 10:47:09 PM, Info: Creating Archive C:\Users\hadiz\Documents\Visual Studio 2008\Projects\Abscraft TheList\Abscraft TheList\bin\Debug\Abscraft TheList.clz...
2018-02-05 10:47:10 PM, Info: Saving project information...
2018-02-05 10:47:39 PM, Info: Validating assembly C:\Users\hadiz\Documents\Visual Studio 2008\Projects\Abscraft TheList\Abscraft TheList\bin\Debug\Abscraft TheList.dll...
2018-02-05 10:47:40 PM, Info: Verifying assembly C:\Users\hadiz\Documents\Visual Studio 2008\Projects\Abscraft TheList\Abscraft TheList\bin\Debug\Abscraft TheList.dll
2018-02-05 10:47:40 PM, Info: Creating Archive C:\Users\hadiz\Documents\Visual Studio 2008\Projects\Abscraft TheList\Abscraft TheList\bin\Debug\Abscraft TheList.clz...
2018-02-05 10:47:40 PM, Info: Saving project information...
2018-02-05 11:02:21 PM, Info: Validating assembly C:\Users\hadiz\Documents\Visual Studio 2008\Projects\Abscraft TheList\Abscraft TheList\bin\Debug\Abscraft TheList.dll...
2018-02-05 11:02:21 PM, Info: Verifying assembly C:\Users\hadiz\Documents\Visual Studio 2008\Projects\Abscraft TheList\Abscraft TheList\bin\Debug\Abscraft TheList.dll
2018-02-05 11:02:21 PM, Info: Creating Archive C:\Users\hadiz\Documents\Visual Studio 2008\Projects\Abscraft TheList\Abscraft TheList\bin\Debug\Abscraft TheList.clz...
2018-02-05 11:02:22 PM, Info: Saving project information...
2018-02-05 11:18:35 PM, Info: Validating assembly C:\Users\hadiz\Documents\Visual Studio 2008\Projects\Abscraft TheList\Abscraft TheList\bin\Debug\Abscraft TheList.dll...
2018-02-05 11:18:35 PM, Info: Verifying assembly C:\Users\hadiz\Documents\Visual Studio 2008\Projects\Abscraft TheList\Abscraft TheList\bin\Debug\Abscraft TheList.dll
2018-02-05 11:18:35 PM, Info: Creating Archive C:\Users\hadiz\Documents\Visual Studio 2008\Projects\Abscraft TheList\Abscraft TheList\bin\Debug\Abscraft TheList.clz...
2018-02-05 11:18:36 PM, Info: Saving project information...
2018-02-05 11:19:16 PM, Info: Validating assembly C:\Users\hadiz\Documents\Visual Studio 2008\Projects\Abscraft TheList\Abscraft TheList\bin\Debug\Abscraft TheList.dll...
2018-02-05 11:19:16 PM, Info: Verifying assembly C:\Users\hadiz\Documents\Visual Studio 2008\Projects\Abscraft TheList\Abscraft TheList\bin\Debug\Abscraft TheList.dll
2018-02-05 11:19:16 PM, Info: Creating Archive C:\Users\hadiz\Documents\Visual Studio 2008\Projects\Abscraft TheList\Abscraft TheList\bin\Debug\Abscraft TheList.clz...
2018-02-05 11:19:16 PM, Info: Saving project information...
2018-02-05 11:26:42 PM, Info: Validating assembly C:\Users\hadiz\Documents\Visual Studio 2008\Projects\Abscraft TheList\Abscraft TheList\bin\Debug\Abscraft TheList.dll...
2018-02-05 11:26:42 PM, Info: Verifying assembly C:\Users\hadiz\Documents\Visual Studio 2008\Projects\Abscraft TheList\Abscraft TheList\bin\Debug\Abscraft TheList.dll
2018-02-05 11:26:42 PM, Info: Creating Archive C:\Users\hadiz\Documents\Visual Studio 2008\Projects\Abscraft TheList\Abscraft TheList\bin\Debug\Abscraft TheList.clz...
2018-02-05 11:26:42 PM, Info: Saving project information...
2018-02-06 8:50:55 PM, Info: Terminating SIMPLSharp Services
