2018-02-23 2:15:53 PM, Info: Initializing SIMPLSharp Services...
2018-02-23 2:15:54 PM, Info: ProjectInfo successfully initialized.
2018-02-23 3:16:54 PM, Info: Saving project information...
2018-02-23 3:16:54 PM, Info: Saving project information...
2018-02-23 3:16:54 PM, Info: Saving project information...
2018-02-23 3:16:54 PM, Info: Saving project information...
2018-02-23 3:16:54 PM, Info: Saving project information...
2018-02-23 3:16:54 PM, Info: Saving project information...
2018-02-23 3:16:56 PM, Info: Validating assembly C:\Users\hadiz\OneDrive - Abscraft\S# Library\Abscraft TheList V2\Abscraft TheList\bin\Debug\Abscraft TheList.dll...
2018-02-23 3:16:56 PM, Info: Verifying assembly C:\Users\hadiz\OneDrive - Abscraft\S# Library\Abscraft TheList V2\Abscraft TheList\bin\Debug\Abscraft TheList.dll
2018-02-23 3:16:56 PM, Info: Creating Archive C:\Users\hadiz\OneDrive - Abscraft\S# Library\Abscraft TheList V2\Abscraft TheList\bin\Debug\Abscraft TheList.clz...
2018-02-23 3:16:56 PM, Info: Saving project information...
2018-02-23 5:22:54 PM, Info: Validating assembly C:\Users\hadiz\OneDrive - Abscraft\S# Library\Abscraft TheList V2\Abscraft TheList\bin\Debug\Abscraft TheList.dll...
2018-02-23 5:22:54 PM, Info: Verifying assembly C:\Users\hadiz\OneDrive - Abscraft\S# Library\Abscraft TheList V2\Abscraft TheList\bin\Debug\Abscraft TheList.dll
2018-02-23 5:22:54 PM, Info: Creating Archive C:\Users\hadiz\OneDrive - Abscraft\S# Library\Abscraft TheList V2\Abscraft TheList\bin\Debug\Abscraft TheList.clz...
2018-02-23 5:22:55 PM, Info: Saving project information...
2018-02-23 6:14:03 PM, Info: Validating assembly C:\Users\hadiz\OneDrive - Abscraft\S# Library\Abscraft TheList V2\Abscraft TheList\bin\Debug\Abscraft TheList.dll...
2018-02-23 6:14:04 PM, Info: Verifying assembly C:\Users\hadiz\OneDrive - Abscraft\S# Library\Abscraft TheList V2\Abscraft TheList\bin\Debug\Abscraft TheList.dll
2018-02-23 6:14:04 PM, Info: Creating Archive C:\Users\hadiz\OneDrive - Abscraft\S# Library\Abscraft TheList V2\Abscraft TheList\bin\Debug\Abscraft TheList.clz...
2018-02-23 6:14:04 PM, Info: Saving project information...
2018-02-23 6:22:20 PM, Info: Validating assembly C:\Users\hadiz\OneDrive - Abscraft\S# Library\Abscraft TheList V2\Abscraft TheList\bin\Debug\Abscraft TheList.dll...
2018-02-23 6:22:20 PM, Info: Verifying assembly C:\Users\hadiz\OneDrive - Abscraft\S# Library\Abscraft TheList V2\Abscraft TheList\bin\Debug\Abscraft TheList.dll
2018-02-23 6:22:20 PM, Info: Creating Archive C:\Users\hadiz\OneDrive - Abscraft\S# Library\Abscraft TheList V2\Abscraft TheList\bin\Debug\Abscraft TheList.clz...
2018-02-23 6:22:20 PM, Info: Saving project information...
2018-02-23 6:47:28 PM, Info: Validating assembly C:\Users\hadiz\OneDrive - Abscraft\S# Library\Abscraft TheList V2\Abscraft TheList\bin\Debug\Abscraft TheList.dll...
2018-02-23 6:47:28 PM, Info: Verifying assembly C:\Users\hadiz\OneDrive - Abscraft\S# Library\Abscraft TheList V2\Abscraft TheList\bin\Debug\Abscraft TheList.dll
2018-02-23 6:47:28 PM, Info: Creating Archive C:\Users\hadiz\OneDrive - Abscraft\S# Library\Abscraft TheList V2\Abscraft TheList\bin\Debug\Abscraft TheList.clz...
2018-02-23 6:47:28 PM, Info: Saving project information...
2018-02-23 6:51:45 PM, Info: Validating assembly C:\Users\hadiz\OneDrive - Abscraft\S# Library\Abscraft TheList V2\Abscraft TheList\bin\Debug\Abscraft TheList.dll...
2018-02-23 6:51:45 PM, Info: Verifying assembly C:\Users\hadiz\OneDrive - Abscraft\S# Library\Abscraft TheList V2\Abscraft TheList\bin\Debug\Abscraft TheList.dll
2018-02-23 6:51:45 PM, Info: Creating Archive C:\Users\hadiz\OneDrive - Abscraft\S# Library\Abscraft TheList V2\Abscraft TheList\bin\Debug\Abscraft TheList.clz...
2018-02-23 6:51:45 PM, Info: Saving project information...
2018-02-23 7:11:34 PM, Info: Validating assembly C:\Users\hadiz\OneDrive - Abscraft\S# Library\Abscraft TheList V2\Abscraft TheList\bin\Debug\Abscraft TheList.dll...
2018-02-23 7:11:34 PM, Info: Verifying assembly C:\Users\hadiz\OneDrive - Abscraft\S# Library\Abscraft TheList V2\Abscraft TheList\bin\Debug\Abscraft TheList.dll
2018-02-23 7:11:34 PM, Info: Creating Archive C:\Users\hadiz\OneDrive - Abscraft\S# Library\Abscraft TheList V2\Abscraft TheList\bin\Debug\Abscraft TheList.clz...
2018-02-23 7:11:34 PM, Info: Saving project information...
2018-02-23 7:22:16 PM, Info: Validating assembly C:\Users\hadiz\OneDrive - Abscraft\S# Library\Abscraft TheList V2\Abscraft TheList\bin\Debug\Abscraft TheList.dll...
2018-02-23 7:22:16 PM, Info: Verifying assembly C:\Users\hadiz\OneDrive - Abscraft\S# Library\Abscraft TheList V2\Abscraft TheList\bin\Debug\Abscraft TheList.dll
2018-02-23 7:22:16 PM, Info: Creating Archive C:\Users\hadiz\OneDrive - Abscraft\S# Library\Abscraft TheList V2\Abscraft TheList\bin\Debug\Abscraft TheList.clz...
2018-02-23 7:22:16 PM, Info: Saving project information...
2018-02-25 10:38:34 PM, Info: Validating assembly C:\Users\hadiz\OneDrive - Abscraft\S# Library\Abscraft TheList V2\Abscraft TheList\bin\Debug\Abscraft TheList.dll...
2018-02-25 10:38:34 PM, Info: Verifying assembly C:\Users\hadiz\OneDrive - Abscraft\S# Library\Abscraft TheList V2\Abscraft TheList\bin\Debug\Abscraft TheList.dll
2018-02-25 10:38:34 PM, Info: Creating Archive C:\Users\hadiz\OneDrive - Abscraft\S# Library\Abscraft TheList V2\Abscraft TheList\bin\Debug\Abscraft TheList.clz...
2018-02-25 10:38:34 PM, Info: Saving project information...
2018-02-25 10:41:17 PM, Info: Validating assembly C:\Users\hadiz\OneDrive - Abscraft\S# Library\Abscraft TheList V2\Abscraft TheList\bin\Debug\Abscraft TheList.dll...
2018-02-25 10:41:17 PM, Info: Verifying assembly C:\Users\hadiz\OneDrive - Abscraft\S# Library\Abscraft TheList V2\Abscraft TheList\bin\Debug\Abscraft TheList.dll
2018-02-25 10:41:17 PM, Info: Creating Archive C:\Users\hadiz\OneDrive - Abscraft\S# Library\Abscraft TheList V2\Abscraft TheList\bin\Debug\Abscraft TheList.clz...
2018-02-25 10:41:17 PM, Info: Saving project information...
2018-03-18 8:19:02 PM, Info: Validating assembly C:\Users\hadiz\OneDrive - Abscraft\S# Library\Abscraft TheList V2\Abscraft TheList\bin\Debug\Abscraft TheList.dll...
2018-03-18 8:19:02 PM, Info: Verifying assembly C:\Users\hadiz\OneDrive - Abscraft\S# Library\Abscraft TheList V2\Abscraft TheList\bin\Debug\Abscraft TheList.dll
2018-03-18 8:19:02 PM, Info: Creating Archive C:\Users\hadiz\OneDrive - Abscraft\S# Library\Abscraft TheList V2\Abscraft TheList\bin\Debug\Abscraft TheList.clz...
2018-03-18 8:19:02 PM, Info: Saving project information...
2018-03-25 10:31:34 PM, Info: Terminating SIMPLSharp Services
