2018-02-06 9:10:24 PM, Info: Initializing SIMPLSharp Services...
2018-02-06 9:10:24 PM, Info: ProjectInfo successfully initialized.
2018-02-06 9:45:23 PM, Info: Saving project information...
2018-02-06 9:45:23 PM, Info: Saving project information...
2018-02-06 9:45:23 PM, Info: Saving project information...
2018-02-06 9:50:23 PM, Info: Saving project information...
2018-02-06 9:50:23 PM, Info: Saving project information...
2018-02-06 9:50:23 PM, Info: Saving project information...
2018-02-06 9:55:23 PM, Info: Saving project information...
2018-02-06 9:55:23 PM, Info: Saving project information...
2018-02-06 9:55:23 PM, Info: Saving project information...
2018-02-06 10:00:23 PM, Info: Saving project information...
2018-02-06 10:00:23 PM, Info: Saving project information...
2018-02-06 10:00:23 PM, Info: Saving project information...
2018-02-06 10:05:23 PM, Info: Saving project information...
2018-02-06 10:05:23 PM, Info: Saving project information...
2018-02-06 10:05:23 PM, Info: Saving project information...
2018-02-06 10:10:23 PM, Info: Saving project information...
2018-02-06 10:10:23 PM, Info: Saving project information...
2018-02-06 10:10:23 PM, Info: Saving project information...
2018-02-06 10:15:23 PM, Info: Saving project information...
2018-02-06 10:15:23 PM, Info: Saving project information...
2018-02-06 10:15:23 PM, Info: Saving project information...
2018-02-06 10:20:23 PM, Info: Saving project information...
2018-02-06 10:20:23 PM, Info: Saving project information...
2018-02-06 10:20:23 PM, Info: Saving project information...
2018-02-06 10:25:23 PM, Info: Saving project information...
2018-02-06 10:25:23 PM, Info: Saving project information...
2018-02-06 10:25:23 PM, Info: Saving project information...
2018-02-06 10:30:23 PM, Info: Saving project information...
2018-02-06 10:30:23 PM, Info: Saving project information...
2018-02-06 10:30:23 PM, Info: Saving project information...
2018-02-06 10:35:23 PM, Info: Saving project information...
2018-02-06 10:35:23 PM, Info: Saving project information...
2018-02-06 10:35:23 PM, Info: Saving project information...
2018-02-06 10:40:23 PM, Info: Saving project information...
2018-02-06 10:40:23 PM, Info: Saving project information...
2018-02-06 10:40:23 PM, Info: Saving project information...
2018-02-06 10:45:23 PM, Info: Saving project information...
2018-02-06 10:45:23 PM, Info: Saving project information...
2018-02-06 10:45:23 PM, Info: Saving project information...
2018-02-06 10:50:23 PM, Info: Saving project information...
2018-02-06 10:50:23 PM, Info: Saving project information...
2018-02-06 10:50:23 PM, Info: Saving project information...
2018-02-06 10:55:23 PM, Info: Saving project information...
2018-02-06 10:55:23 PM, Info: Saving project information...
2018-02-06 10:55:23 PM, Info: Saving project information...
2018-02-06 11:00:23 PM, Info: Saving project information...
2018-02-06 11:00:23 PM, Info: Saving project information...
2018-02-06 11:00:23 PM, Info: Saving project information...
2018-02-06 11:05:23 PM, Info: Saving project information...
2018-02-06 11:05:23 PM, Info: Saving project information...
2018-02-06 11:05:23 PM, Info: Saving project information...
2018-02-06 11:06:37 PM, Info: Saving project information...
2018-02-06 11:06:37 PM, Info: Saving project information...
2018-02-06 11:06:37 PM, Info: Saving project information...
2018-02-06 11:06:37 PM, Info: Saving project information...
2018-02-06 11:06:37 PM, Info: Saving project information...
2018-02-06 11:06:37 PM, Info: Saving project information...
2018-02-06 11:06:38 PM, Info: Validating assembly C:\Users\hadiz\Documents\Visual Studio 2008\Projects\Abscraft TheList\Abscraft TheList\bin\Debug\Abscraft TheList.dll...
2018-02-06 11:06:39 PM, Info: Verifying assembly C:\Users\hadiz\Documents\Visual Studio 2008\Projects\Abscraft TheList\Abscraft TheList\bin\Debug\Abscraft TheList.dll
2018-02-06 11:06:39 PM, Info: Creating Archive C:\Users\hadiz\Documents\Visual Studio 2008\Projects\Abscraft TheList\Abscraft TheList\bin\Debug\Abscraft TheList.clz...
2018-02-06 11:06:39 PM, Info: Saving project information...
2018-02-08 10:39:29 PM, Info: Validating assembly C:\Users\hadiz\Documents\Visual Studio 2008\Projects\Abscraft TheList\Abscraft TheList\bin\Debug\Abscraft TheList.dll...
2018-02-08 10:39:30 PM, Info: Verifying assembly C:\Users\hadiz\Documents\Visual Studio 2008\Projects\Abscraft TheList\Abscraft TheList\bin\Debug\Abscraft TheList.dll
2018-02-08 10:39:30 PM, Info: Creating Archive C:\Users\hadiz\Documents\Visual Studio 2008\Projects\Abscraft TheList\Abscraft TheList\bin\Debug\Abscraft TheList.clz...
2018-02-08 10:39:30 PM, Info: Saving project information...
2018-02-08 10:41:02 PM, Info: Validating assembly C:\Users\hadiz\Documents\Visual Studio 2008\Projects\Abscraft TheList\Abscraft TheList\bin\Debug\Abscraft TheList.dll...
2018-02-08 10:41:03 PM, Info: Verifying assembly C:\Users\hadiz\Documents\Visual Studio 2008\Projects\Abscraft TheList\Abscraft TheList\bin\Debug\Abscraft TheList.dll
2018-02-08 10:41:03 PM, Info: Creating Archive C:\Users\hadiz\Documents\Visual Studio 2008\Projects\Abscraft TheList\Abscraft TheList\bin\Debug\Abscraft TheList.clz...
2018-02-08 10:41:03 PM, Info: Saving project information...
2018-02-08 10:42:56 PM, Info: Validating assembly C:\Users\hadiz\Documents\Visual Studio 2008\Projects\Abscraft TheList\Abscraft TheList\bin\Debug\Abscraft TheList.dll...
2018-02-08 10:42:56 PM, Info: Verifying assembly C:\Users\hadiz\Documents\Visual Studio 2008\Projects\Abscraft TheList\Abscraft TheList\bin\Debug\Abscraft TheList.dll
2018-02-08 10:42:56 PM, Info: Creating Archive C:\Users\hadiz\Documents\Visual Studio 2008\Projects\Abscraft TheList\Abscraft TheList\bin\Debug\Abscraft TheList.clz...
2018-02-08 10:42:57 PM, Info: Saving project information...
2018-02-08 10:46:04 PM, Info: Validating assembly C:\Users\hadiz\Documents\Visual Studio 2008\Projects\Abscraft TheList\Abscraft TheList\bin\Debug\Abscraft TheList.dll...
2018-02-08 10:46:05 PM, Info: Verifying assembly C:\Users\hadiz\Documents\Visual Studio 2008\Projects\Abscraft TheList\Abscraft TheList\bin\Debug\Abscraft TheList.dll
2018-02-08 10:46:05 PM, Info: Creating Archive C:\Users\hadiz\Documents\Visual Studio 2008\Projects\Abscraft TheList\Abscraft TheList\bin\Debug\Abscraft TheList.clz...
2018-02-08 10:46:05 PM, Info: Saving project information...
2018-02-08 10:49:00 PM, Info: Validating assembly C:\Users\hadiz\Documents\Visual Studio 2008\Projects\Abscraft TheList\Abscraft TheList\bin\Debug\Abscraft TheList.dll...
2018-02-08 10:49:00 PM, Info: Verifying assembly C:\Users\hadiz\Documents\Visual Studio 2008\Projects\Abscraft TheList\Abscraft TheList\bin\Debug\Abscraft TheList.dll
2018-02-08 10:49:00 PM, Info: Creating Archive C:\Users\hadiz\Documents\Visual Studio 2008\Projects\Abscraft TheList\Abscraft TheList\bin\Debug\Abscraft TheList.clz...
2018-02-08 10:49:00 PM, Info: Saving project information...
2018-02-08 10:50:04 PM, Info: Validating assembly C:\Users\hadiz\Documents\Visual Studio 2008\Projects\Abscraft TheList\Abscraft TheList\bin\Debug\Abscraft TheList.dll...
2018-02-08 10:50:04 PM, Info: Verifying assembly C:\Users\hadiz\Documents\Visual Studio 2008\Projects\Abscraft TheList\Abscraft TheList\bin\Debug\Abscraft TheList.dll
2018-02-08 10:50:04 PM, Info: Creating Archive C:\Users\hadiz\Documents\Visual Studio 2008\Projects\Abscraft TheList\Abscraft TheList\bin\Debug\Abscraft TheList.clz...
2018-02-08 10:50:05 PM, Info: Saving project information...
2018-02-08 10:54:14 PM, Info: Validating assembly C:\Users\hadiz\Documents\Visual Studio 2008\Projects\Abscraft TheList\Abscraft TheList\bin\Debug\Abscraft TheList.dll...
2018-02-08 10:54:14 PM, Info: Verifying assembly C:\Users\hadiz\Documents\Visual Studio 2008\Projects\Abscraft TheList\Abscraft TheList\bin\Debug\Abscraft TheList.dll
2018-02-08 10:54:15 PM, Info: Creating Archive C:\Users\hadiz\Documents\Visual Studio 2008\Projects\Abscraft TheList\Abscraft TheList\bin\Debug\Abscraft TheList.clz...
2018-02-08 10:54:15 PM, Info: Saving project information...
2018-02-08 10:58:52 PM, Info: Validating assembly C:\Users\hadiz\Documents\Visual Studio 2008\Projects\Abscraft TheList\Abscraft TheList\bin\Debug\Abscraft TheList.dll...
2018-02-08 10:58:52 PM, Info: Verifying assembly C:\Users\hadiz\Documents\Visual Studio 2008\Projects\Abscraft TheList\Abscraft TheList\bin\Debug\Abscraft TheList.dll
2018-02-08 10:58:52 PM, Info: Creating Archive C:\Users\hadiz\Documents\Visual Studio 2008\Projects\Abscraft TheList\Abscraft TheList\bin\Debug\Abscraft TheList.clz...
2018-02-08 10:58:53 PM, Info: Saving project information...
2018-02-08 11:03:58 PM, Info: Validating assembly C:\Users\hadiz\Documents\Visual Studio 2008\Projects\Abscraft TheList\Abscraft TheList\bin\Debug\Abscraft TheList.dll...
2018-02-08 11:03:58 PM, Info: Verifying assembly C:\Users\hadiz\Documents\Visual Studio 2008\Projects\Abscraft TheList\Abscraft TheList\bin\Debug\Abscraft TheList.dll
2018-02-08 11:03:59 PM, Info: Creating Archive C:\Users\hadiz\Documents\Visual Studio 2008\Projects\Abscraft TheList\Abscraft TheList\bin\Debug\Abscraft TheList.clz...
2018-02-08 11:03:59 PM, Info: Saving project information...
2018-02-08 11:07:05 PM, Info: Validating assembly C:\Users\hadiz\Documents\Visual Studio 2008\Projects\Abscraft TheList\Abscraft TheList\bin\Debug\Abscraft TheList.dll...
2018-02-08 11:07:05 PM, Info: Verifying assembly C:\Users\hadiz\Documents\Visual Studio 2008\Projects\Abscraft TheList\Abscraft TheList\bin\Debug\Abscraft TheList.dll
2018-02-08 11:07:05 PM, Info: Creating Archive C:\Users\hadiz\Documents\Visual Studio 2008\Projects\Abscraft TheList\Abscraft TheList\bin\Debug\Abscraft TheList.clz...
2018-02-08 11:07:05 PM, Info: Saving project information...
2018-02-10 11:46:07 PM, Info: Validating assembly C:\Users\hadiz\Documents\Visual Studio 2008\Projects\Abscraft TheList\Abscraft TheList\bin\Debug\Abscraft TheList.dll...
2018-02-10 11:46:07 PM, Info: Verifying assembly C:\Users\hadiz\Documents\Visual Studio 2008\Projects\Abscraft TheList\Abscraft TheList\bin\Debug\Abscraft TheList.dll
2018-02-10 11:46:07 PM, Info: Creating Archive C:\Users\hadiz\Documents\Visual Studio 2008\Projects\Abscraft TheList\Abscraft TheList\bin\Debug\Abscraft TheList.clz...
2018-02-10 11:46:07 PM, Info: Saving project information...
2018-02-10 11:47:47 PM, Info: Validating assembly C:\Users\hadiz\Documents\Visual Studio 2008\Projects\Abscraft TheList\Abscraft TheList\bin\Debug\Abscraft TheList.dll...
2018-02-10 11:47:47 PM, Info: Verifying assembly C:\Users\hadiz\Documents\Visual Studio 2008\Projects\Abscraft TheList\Abscraft TheList\bin\Debug\Abscraft TheList.dll
2018-02-10 11:47:47 PM, Info: Creating Archive C:\Users\hadiz\Documents\Visual Studio 2008\Projects\Abscraft TheList\Abscraft TheList\bin\Debug\Abscraft TheList.clz...
2018-02-10 11:47:48 PM, Info: Saving project information...
2018-02-11 12:05:21 AM, Info: Validating assembly C:\Users\hadiz\Documents\Visual Studio 2008\Projects\Abscraft TheList\Abscraft TheList\bin\Debug\Abscraft TheList.dll...
2018-02-11 12:05:22 AM, Info: Verifying assembly C:\Users\hadiz\Documents\Visual Studio 2008\Projects\Abscraft TheList\Abscraft TheList\bin\Debug\Abscraft TheList.dll
2018-02-11 12:05:22 AM, Info: Creating Archive C:\Users\hadiz\Documents\Visual Studio 2008\Projects\Abscraft TheList\Abscraft TheList\bin\Debug\Abscraft TheList.clz...
2018-02-11 12:05:22 AM, Info: Saving project information...
2018-02-11 12:06:35 AM, Info: Validating assembly C:\Users\hadiz\Documents\Visual Studio 2008\Projects\Abscraft TheList\Abscraft TheList\bin\Debug\Abscraft TheList.dll...
2018-02-11 12:06:35 AM, Info: Verifying assembly C:\Users\hadiz\Documents\Visual Studio 2008\Projects\Abscraft TheList\Abscraft TheList\bin\Debug\Abscraft TheList.dll
2018-02-11 12:06:35 AM, Info: Creating Archive C:\Users\hadiz\Documents\Visual Studio 2008\Projects\Abscraft TheList\Abscraft TheList\bin\Debug\Abscraft TheList.clz...
2018-02-11 12:06:35 AM, Info: Saving project information...
2018-02-11 12:18:42 AM, Info: Validating assembly C:\Users\hadiz\Documents\Visual Studio 2008\Projects\Abscraft TheList\Abscraft TheList\bin\Debug\Abscraft TheList.dll...
2018-02-11 12:18:42 AM, Info: Verifying assembly C:\Users\hadiz\Documents\Visual Studio 2008\Projects\Abscraft TheList\Abscraft TheList\bin\Debug\Abscraft TheList.dll
2018-02-11 12:18:42 AM, Info: Creating Archive C:\Users\hadiz\Documents\Visual Studio 2008\Projects\Abscraft TheList\Abscraft TheList\bin\Debug\Abscraft TheList.clz...
2018-02-11 12:18:42 AM, Info: Saving project information...
2018-02-11 12:47:44 AM, Info: Saving project information...
2018-02-11 12:47:44 AM, Info: Saving project information...
2018-02-11 12:47:44 AM, Info: Saving project information...
2018-02-11 12:52:44 AM, Info: Saving project information...
2018-02-11 12:52:44 AM, Info: Saving project information...
2018-02-11 12:52:44 AM, Info: Saving project information...
2018-02-11 12:53:50 AM, Info: Saving project information...
2018-02-11 12:53:50 AM, Info: Saving project information...
2018-02-11 12:53:50 AM, Info: Saving project information...
2018-02-11 12:53:50 AM, Info: Saving project information...
2018-02-11 12:53:50 AM, Info: Saving project information...
2018-02-11 12:53:50 AM, Info: Saving project information...
2018-02-11 12:53:51 AM, Info: Validating assembly C:\Users\hadiz\Documents\Visual Studio 2008\Projects\Abscraft TheList\Abscraft TheList\bin\Debug\Abscraft TheList.dll...
2018-02-11 12:53:51 AM, Info: Verifying assembly C:\Users\hadiz\Documents\Visual Studio 2008\Projects\Abscraft TheList\Abscraft TheList\bin\Debug\Abscraft TheList.dll
2018-02-11 12:53:51 AM, Info: Creating Archive C:\Users\hadiz\Documents\Visual Studio 2008\Projects\Abscraft TheList\Abscraft TheList\bin\Debug\Abscraft TheList.clz...
2018-02-11 12:53:52 AM, Info: Saving project information...
2018-02-11 12:57:26 AM, Info: Validating assembly C:\Users\hadiz\Documents\Visual Studio 2008\Projects\Abscraft TheList\Abscraft TheList\bin\Debug\Abscraft TheList.dll...
2018-02-11 12:57:26 AM, Info: Verifying assembly C:\Users\hadiz\Documents\Visual Studio 2008\Projects\Abscraft TheList\Abscraft TheList\bin\Debug\Abscraft TheList.dll
2018-02-11 12:57:26 AM, Info: Creating Archive C:\Users\hadiz\Documents\Visual Studio 2008\Projects\Abscraft TheList\Abscraft TheList\bin\Debug\Abscraft TheList.clz...
2018-02-11 12:57:26 AM, Info: Saving project information...
2018-02-11 1:02:12 AM, Info: Validating assembly C:\Users\hadiz\Documents\Visual Studio 2008\Projects\Abscraft TheList\Abscraft TheList\bin\Debug\Abscraft TheList.dll...
2018-02-11 1:02:12 AM, Info: Verifying assembly C:\Users\hadiz\Documents\Visual Studio 2008\Projects\Abscraft TheList\Abscraft TheList\bin\Debug\Abscraft TheList.dll
2018-02-11 1:02:12 AM, Info: Creating Archive C:\Users\hadiz\Documents\Visual Studio 2008\Projects\Abscraft TheList\Abscraft TheList\bin\Debug\Abscraft TheList.clz...
2018-02-11 1:02:13 AM, Info: Saving project information...
2018-02-11 1:12:44 AM, Info: Validating assembly C:\Users\hadiz\Documents\Visual Studio 2008\Projects\Abscraft TheList\Abscraft TheList\bin\Debug\Abscraft TheList.dll...
2018-02-11 1:12:44 AM, Info: Verifying assembly C:\Users\hadiz\Documents\Visual Studio 2008\Projects\Abscraft TheList\Abscraft TheList\bin\Debug\Abscraft TheList.dll
2018-02-11 1:12:44 AM, Info: Creating Archive C:\Users\hadiz\Documents\Visual Studio 2008\Projects\Abscraft TheList\Abscraft TheList\bin\Debug\Abscraft TheList.clz...
2018-02-11 1:12:44 AM, Info: Saving project information...
2018-02-11 10:21:47 AM, Info: Validating assembly C:\Users\hadiz\Documents\Visual Studio 2008\Projects\Abscraft TheList\Abscraft TheList\bin\Debug\Abscraft TheList.dll...
2018-02-11 10:21:48 AM, Info: Verifying assembly C:\Users\hadiz\Documents\Visual Studio 2008\Projects\Abscraft TheList\Abscraft TheList\bin\Debug\Abscraft TheList.dll
2018-02-11 10:21:48 AM, Info: Creating Archive C:\Users\hadiz\Documents\Visual Studio 2008\Projects\Abscraft TheList\Abscraft TheList\bin\Debug\Abscraft TheList.clz...
2018-02-11 10:21:48 AM, Info: Saving project information...
2018-02-11 10:27:42 AM, Info: Validating assembly C:\Users\hadiz\Documents\Visual Studio 2008\Projects\Abscraft TheList\Abscraft TheList\bin\Debug\Abscraft TheList.dll...
